<?xml version="1.0" encoding="UTF-8"?>
<testsuite name="interpreter.blocks.BinaryOperatorTest" tests="2" skipped="0" failures="0" errors="0" timestamp="2025-05-07T05:08:55" hostname="PARSIDEPC" time="0.046">
  <properties/>
  <testcase name="testSubBlock()" classname="interpreter.blocks.BinaryOperatorTest" time="0.041"/>
  <testcase name="testAddBlock()" classname="interpreter.blocks.BinaryOperatorTest" time="0.002"/>
  <system-out><![CDATA[]]></system-out>
  <system-err><![CDATA[]]></system-err>
</testsuite>
